{"level":"warn","message":"Url llamada /infogfhg, método GET"}
{"level":"warn","message":"Url llamada /infogfhg, método GET"}
{"level":"warn","message":"Url llamada /infogfhg, método GET"}
{"level":"warn","message":"Url llamada /infogfhg, método GET"}
{"level":"error","message":"Error en servidor Error: listen EADDRINUSE: address already in use :::8080"}
{"level":"warn","message":"Url llamada /favicon.ico, método GET"}
{"level":"warn","message":"Url llamada /favicon.ico, método GET"}
{"level":"warn","message":"Url llamada /favicon.ico, método GET"}
{"level":"warn","message":"Url llamada /favicon.ico, método GET"}
{"level":"warn","message":"Url llamada /favicon.ico, método GET"}
{"level":"warn","message":"Url llamada /favicon.ico, método GET"}
{"level":"warn","message":"Url llamada /favicon.ico, método GET"}
{"level":"warn","message":"Url llamada /favicon.ico, método GET"}
{"level":"warn","message":"Url llamada /favicon.ico, método GET"}
{"level":"warn","message":"Url llamada /favicon.ico, método GET"}
{"level":"warn","message":"Url llamada /favicon.ico, método GET"}
{"level":"warn","message":"Url llamada /api/random, método GET"}
{"level":"warn","message":"Url llamada /favicon.ico, método GET"}
{"level":"warn","message":"Url llamada /api/random, método GET"}
{"level":"warn","message":"Url llamada /favicon.ico, método GET"}
{"level":"warn","message":"Url llamada /api/ramdon, método GET"}
{"level":"warn","message":"Url llamada /favicon.ico, método GET"}
{"level":"warn","message":"Url llamada /favicon.ico, método GET"}
{"level":"warn","message":"Url llamada /favicon.ico, método GET"}
{"level":"warn","message":"Url llamada /favicon.ico, método GET"}
{"level":"warn","message":"Url llamada /favicon.ico, método GET"}
{"level":"warn","message":"Url llamada /favicon.ico, método GET"}
{"level":"warn","message":"Url llamada /favicon.ico, método GET"}
{"level":"warn","message":"Url llamada /favicon.ico, método GET"}
